140
6 11 9664 15
16 13 6872 15
10 3 9498 37
2 17 4510 14
14 1 7383 11
20 15 8072 27
10 1 5856 37
15 5 1350 27
4 15 5314 27
19 3 1890 8
3 12 7970 13
15 12 9619 27
15 7 5494 27
19 4 3120 13
2 18 3982 14
3 11 266 13
8 14 4441 13
9 15 1920 27
16 17 3613 15
19 7 6096 15
6 20 2794 15
15 8 5449 27
10 12 6982 37
12 6 1019 15
10 10 1649 -1
14 17 2398 14
7 18 3585 15
9 3 742 13
19 4 9403 13
16 15 8753 27
14 2 9866 11
1 16 1213 15
19 5 438 8
20 16 2039 15
6 7 3089 15
13 12 9935 13
3 7 9437 15
3 11 1962 13
17 9 6410 14
7 8 1500 15
10 3 6065 37
16 8 1902 15
13 9 597 13
13 8 9921 13
9 1 355 13
18 15 3189 27
14 17 3031 14
2 3 2030 5
5 7 7852 15
17 15 3451 27
15 11 1001 27
20 1 374 13
19 6 8917 15
12 12 6974 -1
1 17 1663 14
3 2 4259 5
12 11 1147 8
1 14 3619 11
8 2 1180 13
19 18 4933 14
10 15 5740 37
2 16 7145 15
9 14 2955 13
2 17 1001 14
10 20 8252 37
6 20 7654 15
9 12 646 9
9 6 9773 15
7 4 1654 15
13 18 6411 14
13 14 3267 11
8 10 4263 37
5 4 5875 13
14 13 7705 11
15 12 9336 27
11 11 2776 -1
8 15 3333 27
6 16 952 15
8 17 2593 14
13 12 2654 13
17 12 5609 14
15 7 8675 27
16 14 4108 15
8 15 1921 27
4 5 9778 13
9 19 7247 13
7 15 2865 27
15 17 217 27
7 5 7728 15
18 5 6716 14
14 7 9325 15
14 15 8333 27
14 4 5103 13
18 19 5852 14
20 4 6368 11
18 13 4112 14
20 17 2514 14
7 15 9185 27
12 12 204 -1
20 3 7504 13
11 1 1296 13
8 13 5504 13
20 4 749 11
17 15 8919 27
3 6 4602 15
8 15 2210 27
5 2 3935 2
18 11 7895 14
1 9 5771 13
11 6 9997 15
3 12 4717 13
9 4 5886 9
4 19 9672 13
14 19 2169 11
1 11 5084 13
14 3 6358 11
6 6 6790 -1
2 9 1323 13
17 12 25 14
2 7 9742 15
6 9 3151 15
20 14 5479 13
10 18 2623 37
20 6 3923 15
20 1 3656 13
20 18 7343 14
7 9 6204 15
2 8 9309 13
16 13 6790 15
5 4 517 13
11 9 6591 9
8 17 9298 14
12 6 6853 15
1 18 767 14
11 16 2715 15
20 12 7297 11
15 18 1047 27
11 4 4248 8
18 5 2584 14
20 12 7314 11
